2024-05-27 02:16:35,241 : INFO : Start of prediction...
2024-05-27 02:16:35,241 : INFO : Run ID: 2024-05-27_021635_58750950
2024-05-27 02:16:35,241 : INFO : Start of preprocessing for single predict...
2024-05-27 02:16:35,241 : INFO : Start of feature encoding...
2024-05-27 02:16:35,242 : INFO : End of feature encoding...
2024-05-27 02:16:35,243 : INFO : Start of dropping columns...
2024-05-27 02:16:35,243 : INFO : End of dropping columns...
2024-05-27 02:16:35,243 : INFO : Start of finding missing values...
2024-05-27 02:16:35,243 : INFO : End of finding missing values...
2024-05-27 02:16:35,249 : INFO : Start of building final predictset...
2024-05-27 02:16:35,252 : INFO : End of building final predictset
2024-05-27 02:16:35,252 : INFO : End of preprocessing for single predict...
2024-05-27 02:16:35,252 : INFO : Start of Load Model
2024-05-27 02:16:35,252 : INFO : Model File: KMeans loaded
2024-05-27 02:16:35,252 : INFO : End of Load Model
2024-05-27 02:16:35,257 : INFO : clusters loop started
2024-05-27 02:16:35,258 : INFO : Start of finding correct model
2024-05-27 02:16:35,258 : INFO : End of finding correct model
2024-05-27 02:16:35,258 : INFO : Start of Load Model
2024-05-27 02:16:35,258 : INFO : Model File: XGBoost0 loaded
2024-05-27 02:16:35,258 : INFO : End of Load Model
2024-05-27 02:16:35,263 : INFO : Shape of Data (1, 9)
2024-05-27 02:16:35,267 : INFO : Shape of Data None
2024-05-27 02:16:35,270 : INFO : Output : [0]
2024-05-27 02:16:35,270 : INFO : End of prediction...
