2024-05-27 02:19:18,701 : INFO : Start of prediction...
2024-05-27 02:19:18,701 : INFO : Run ID: 2024-05-27_021918_10368521
2024-05-27 02:19:18,702 : INFO : Start of preprocessing for single predict...
2024-05-27 02:19:18,702 : INFO : Start of feature encoding...
2024-05-27 02:19:18,704 : INFO : End of feature encoding...
2024-05-27 02:19:18,705 : INFO : Start of dropping columns...
2024-05-27 02:19:18,705 : INFO : End of dropping columns...
2024-05-27 02:19:18,705 : INFO : Start of finding missing values...
2024-05-27 02:19:18,706 : INFO : End of finding missing values...
2024-05-27 02:19:18,706 : INFO : Start of building final predictset...
2024-05-27 02:19:18,708 : INFO : End of building final predictset
2024-05-27 02:19:18,708 : INFO : End of preprocessing for single predict...
2024-05-27 02:19:18,708 : INFO : Start of Load Model
2024-05-27 02:19:18,709 : INFO : Model File: KMeans loaded
2024-05-27 02:19:18,709 : INFO : End of Load Model
2024-05-27 02:19:18,783 : INFO : clusters loop started
2024-05-27 02:19:18,784 : INFO : Start of finding correct model
2024-05-27 02:19:18,784 : INFO : End of finding correct model
2024-05-27 02:19:18,784 : INFO : Start of Load Model
2024-05-27 02:19:18,784 : INFO : Model File: XGBoost0 loaded
2024-05-27 02:19:18,784 : INFO : End of Load Model
2024-05-27 02:19:18,817 : INFO : Shape of Data (1, 9)
2024-05-27 02:19:18,823 : INFO : Shape of Data None
2024-05-27 02:19:18,826 : INFO : Output : [0]
2024-05-27 02:19:18,826 : INFO : End of prediction...
