2024-05-27 02:16:06,720 : INFO : Start of prediction...
2024-05-27 02:16:06,720 : INFO : Run ID: 2024-05-27_021606_32411768
2024-05-27 02:16:06,721 : INFO : Start of preprocessing for single predict...
2024-05-27 02:16:06,721 : INFO : Start of feature encoding...
2024-05-27 02:16:06,722 : INFO : End of feature encoding...
2024-05-27 02:16:06,722 : INFO : Start of dropping columns...
2024-05-27 02:16:06,723 : INFO : End of dropping columns...
2024-05-27 02:16:06,723 : INFO : Start of finding missing values...
2024-05-27 02:16:06,723 : INFO : End of finding missing values...
2024-05-27 02:16:06,723 : INFO : Start of building final predictset...
2024-05-27 02:16:06,727 : INFO : End of building final predictset
2024-05-27 02:16:06,728 : INFO : End of preprocessing for single predict...
2024-05-27 02:16:06,728 : INFO : Start of Load Model
2024-05-27 02:16:06,728 : INFO : Model File: KMeans loaded
2024-05-27 02:16:06,728 : INFO : End of Load Model
2024-05-27 02:16:06,732 : INFO : clusters loop started
2024-05-27 02:16:06,733 : INFO : Start of finding correct model
2024-05-27 02:16:06,733 : INFO : End of finding correct model
2024-05-27 02:16:06,733 : INFO : Start of Load Model
2024-05-27 02:16:06,733 : INFO : Model File: XGBoost0 loaded
2024-05-27 02:16:06,733 : INFO : End of Load Model
2024-05-27 02:16:06,740 : INFO : Shape of Data (1, 9)
2024-05-27 02:16:06,744 : INFO : Shape of Data None
2024-05-27 02:16:06,747 : INFO : Output : [0]
2024-05-27 02:16:06,747 : INFO : End of prediction...
