2024-05-27 02:16:51,991 : INFO : Start of prediction...
2024-05-27 02:16:51,991 : INFO : Run ID: 2024-05-27_021651_70449217
2024-05-27 02:16:51,991 : INFO : Start of preprocessing for single predict...
2024-05-27 02:16:51,991 : INFO : Start of feature encoding...
2024-05-27 02:16:51,992 : INFO : End of feature encoding...
2024-05-27 02:16:51,992 : INFO : Start of dropping columns...
2024-05-27 02:16:51,993 : INFO : End of dropping columns...
2024-05-27 02:16:51,993 : INFO : Start of finding missing values...
2024-05-27 02:16:51,993 : INFO : End of finding missing values...
2024-05-27 02:16:51,998 : INFO : Start of building final predictset...
2024-05-27 02:16:52,002 : INFO : End of building final predictset
2024-05-27 02:16:52,002 : INFO : End of preprocessing for single predict...
2024-05-27 02:16:52,002 : INFO : Start of Load Model
2024-05-27 02:16:52,002 : INFO : Model File: KMeans loaded
2024-05-27 02:16:52,002 : INFO : End of Load Model
2024-05-27 02:16:52,007 : INFO : clusters loop started
2024-05-27 02:16:52,009 : INFO : Start of finding correct model
2024-05-27 02:16:52,009 : INFO : End of finding correct model
2024-05-27 02:16:52,009 : INFO : Start of Load Model
2024-05-27 02:16:52,009 : INFO : Model File: XGBoost0 loaded
2024-05-27 02:16:52,009 : INFO : End of Load Model
2024-05-27 02:16:52,014 : INFO : Shape of Data (1, 9)
2024-05-27 02:16:52,019 : INFO : Shape of Data None
2024-05-27 02:16:52,021 : INFO : Output : [0]
2024-05-27 02:16:52,022 : INFO : End of prediction...
