2024-05-27 02:15:58,833 : INFO : Start of prediction...
2024-05-27 02:15:58,833 : INFO : Run ID: 2024-05-27_021558_83602404
2024-05-27 02:15:58,833 : INFO : Start of preprocessing for single predict...
2024-05-27 02:15:58,833 : INFO : Start of feature encoding...
2024-05-27 02:15:58,835 : INFO : End of feature encoding...
2024-05-27 02:15:58,835 : INFO : Start of dropping columns...
2024-05-27 02:15:58,835 : INFO : End of dropping columns...
2024-05-27 02:15:58,835 : INFO : Start of finding missing values...
2024-05-27 02:15:58,836 : INFO : End of finding missing values...
2024-05-27 02:15:58,836 : INFO : Start of building final predictset...
2024-05-27 02:15:58,846 : INFO : End of building final predictset
2024-05-27 02:15:58,846 : INFO : End of preprocessing for single predict...
2024-05-27 02:15:58,846 : INFO : Start of Load Model
2024-05-27 02:15:58,851 : INFO : Model File: KMeans loaded
2024-05-27 02:15:58,852 : INFO : End of Load Model
2024-05-27 02:15:58,857 : INFO : clusters loop started
2024-05-27 02:15:58,858 : INFO : Start of finding correct model
2024-05-27 02:15:58,859 : INFO : End of finding correct model
2024-05-27 02:15:58,859 : INFO : Start of Load Model
2024-05-27 02:15:58,865 : INFO : Model File: XGBoost0 loaded
2024-05-27 02:15:58,866 : INFO : End of Load Model
2024-05-27 02:15:58,871 : INFO : Shape of Data (1, 9)
2024-05-27 02:15:58,876 : INFO : Shape of Data None
2024-05-27 02:15:58,878 : INFO : Output : [0]
2024-05-27 02:15:58,878 : INFO : End of prediction...
