2024-05-27 02:21:27,142 : INFO : Start of prediction...
2024-05-27 02:21:27,142 : INFO : Run ID: 2024-05-27_022127_71849185
2024-05-27 02:21:27,142 : INFO : Start of preprocessing for single predict...
2024-05-27 02:21:27,142 : INFO : Start of feature encoding...
2024-05-27 02:21:27,143 : INFO : End of feature encoding...
2024-05-27 02:21:27,143 : INFO : Start of dropping columns...
2024-05-27 02:21:27,144 : INFO : End of dropping columns...
2024-05-27 02:21:27,144 : INFO : Start of finding missing values...
2024-05-27 02:21:27,145 : INFO : End of finding missing values...
2024-05-27 02:21:27,149 : INFO : Start of building final predictset...
2024-05-27 02:21:27,151 : INFO : End of building final predictset
2024-05-27 02:21:27,152 : INFO : End of preprocessing for single predict...
2024-05-27 02:21:27,152 : INFO : Start of Load Model
2024-05-27 02:21:27,152 : INFO : Model File: KMeans loaded
2024-05-27 02:21:27,152 : INFO : End of Load Model
2024-05-27 02:21:27,155 : INFO : clusters loop started
2024-05-27 02:21:27,157 : INFO : Start of finding correct model
2024-05-27 02:21:27,157 : INFO : End of finding correct model
2024-05-27 02:21:27,157 : INFO : Start of Load Model
2024-05-27 02:21:27,157 : INFO : Model File: XGBoost0 loaded
2024-05-27 02:21:27,157 : INFO : End of Load Model
2024-05-27 02:21:27,161 : INFO : Shape of Data (1, 9)
2024-05-27 02:21:27,164 : INFO : Shape of Data None
2024-05-27 02:21:27,167 : INFO : Output : [1]
2024-05-27 02:21:27,167 : INFO : End of prediction...
