2024-05-26 17:03:13,898 : INFO : Start of training model...
2024-05-26 17:03:13,898 : INFO : Run_id: 2024-05-26_170313_10104087
2024-05-26 17:03:13,898 : INFO : Start of data load, validation, and transformation for trainset
2024-05-26 17:03:13,898 : INFO : Start of archiving old reject files...
2024-05-26 17:03:13,899 : INFO : End of archiving old reject files...
2024-05-26 17:03:13,899 : INFO : Start of archiving old validation files...
2024-05-26 17:03:13,899 : INFO : End of archiving old validation files...
2024-05-26 17:03:13,904 : INFO : Start of archiving old processed files...
2024-05-26 17:03:13,904 : INFO : End of archiving old processed files...
2024-05-26 17:03:13,904 : INFO : Start of archiving old result files...
2024-05-26 17:03:13,904 : INFO : End of archiving old result files...
2024-05-26 17:03:13,904 : INFO : Start of reading values from schema...
2024-05-26 17:03:13,904 : INFO : End of reading values from schema...
2024-05-26 17:03:13,904 : INFO : Start of validating column length...
2024-05-26 17:03:13,920 : INFO : End of validating column length...
2024-05-26 17:03:13,920 : INFO : Start of validating missing values...
2024-05-26 17:03:13,930 : INFO : End of validating missing values...
2024-05-26 17:03:13,930 : INFO : Start of replacing missing values with NULL...
2024-05-26 17:03:13,966 : INFO : hr_employee_churn_data.csv: File transformed successully.
2024-05-26 17:03:13,966 : INFO : End of replacing missing values with NULL...
2024-05-26 17:03:13,967 : INFO : Start of creating table...
2024-05-26 17:03:13,972 : INFO : Opened training database successfully
2024-05-26 17:03:13,978 : INFO : CREATE TABLE training_raw_data_t empid
2024-05-26 17:03:13,980 : INFO : ALTER TABLE training_raw_data_t ADD COLUMN
2024-05-26 17:03:13,981 : INFO : ALTER TABLE training_raw_data_t ADD COLUMN
2024-05-26 17:03:13,984 : INFO : ALTER TABLE training_raw_data_t ADD COLUMN
2024-05-26 17:03:13,986 : INFO : ALTER TABLE training_raw_data_t ADD COLUMN
2024-05-26 17:03:13,987 : INFO : ALTER TABLE training_raw_data_t ADD COLUMN
2024-05-26 17:03:13,989 : INFO : ALTER TABLE training_raw_data_t ADD COLUMN
2024-05-26 17:03:13,992 : INFO : ALTER TABLE training_raw_data_t ADD COLUMN
2024-05-26 17:03:13,995 : INFO : ALTER TABLE training_raw_data_t ADD COLUMN
2024-05-26 17:03:13,996 : INFO : ALTER TABLE training_raw_data_t ADD COLUMN
2024-05-26 17:03:13,996 : INFO : End of creating table...
2024-05-26 17:03:13,998 : INFO : Opened training database successfully
2024-05-26 17:03:13,998 : INFO : Start of inserting data into table...
2024-05-26 17:03:49,751 : INFO : End of inserting data into table...
2024-05-26 17:03:49,751 : INFO : Start of exporting data into CSV...
2024-05-26 17:03:49,752 : INFO : Opened training database successfully
2024-05-26 17:03:49,802 : INFO : End of exporting data to CSV...
2024-05-26 17:03:49,803 : INFO : Start of moving processed files...
2024-05-26 17:03:49,804 : INFO : Moved the already processed file: hr_employee_churn_data.csv
2024-05-26 17:03:49,804 : INFO : End of moving processed files...
2024-05-26 17:03:49,804 : INFO : End of data load, validation, and transformation
2024-05-26 17:03:49,804 : INFO : Start of preprocessing training data...
2024-05-26 17:03:49,804 : INFO : Start of reading dataset...
2024-05-26 17:03:49,818 : INFO : End of reading dataset....
2024-05-26 17:03:49,819 : INFO : Start of dropping columns...
2024-05-26 17:03:49,819 : ERROR : Exception raised while dropping columns: 'NoneType' object has no attribute 'drop'
Traceback (most recent call last):
  File "C:\Users\RETRETA\Documents\Python\ML Upskill\employee-churn-ML-e2e\apps\preprocess\preprocessor.py", line 32, in drop_columns
    self.useful_data = self.data.drop(labels=self.columns, axis=1) #drop the specified columns
AttributeError: 'NoneType' object has no attribute 'drop'
2024-05-26 17:03:49,819 : ERROR : Exception raised while preprocessing training data: 'NoneType' object has no attribute 'drop'
Traceback (most recent call last):
  File "C:\Users\RETRETA\Documents\Python\ML Upskill\employee-churn-ML-e2e\apps\preprocess\preprocessor.py", line 148, in preprocess_trainset
    data = self.drop_columns(data, ['empid'])
  File "C:\Users\RETRETA\Documents\Python\ML Upskill\employee-churn-ML-e2e\apps\preprocess\preprocessor.py", line 38, in drop_columns
    raise e
  File "C:\Users\RETRETA\Documents\Python\ML Upskill\employee-churn-ML-e2e\apps\preprocess\preprocessor.py", line 32, in drop_columns
    self.useful_data = self.data.drop(labels=self.columns, axis=1) #drop the specified columns
AttributeError: 'NoneType' object has no attribute 'drop'
2024-05-26 17:03:49,819 : ERROR : Training model unsuccessful: 'NoneType' object has no attribute 'drop'
Traceback (most recent call last):
  File "C:\Users\RETRETA\Documents\Python\ML Upskill\employee-churn-ML-e2e\apps\training\train_model.py", line 34, in train_model
    self.X, self.y = self.preProcess.preprocess_trainset()
  File "C:\Users\RETRETA\Documents\Python\ML Upskill\employee-churn-ML-e2e\apps\preprocess\preprocessor.py", line 166, in preprocess_trainset
    raise e
  File "C:\Users\RETRETA\Documents\Python\ML Upskill\employee-churn-ML-e2e\apps\preprocess\preprocessor.py", line 148, in preprocess_trainset
    data = self.drop_columns(data, ['empid'])
  File "C:\Users\RETRETA\Documents\Python\ML Upskill\employee-churn-ML-e2e\apps\preprocess\preprocessor.py", line 38, in drop_columns
    raise e
  File "C:\Users\RETRETA\Documents\Python\ML Upskill\employee-churn-ML-e2e\apps\preprocess\preprocessor.py", line 32, in drop_columns
    self.useful_data = self.data.drop(labels=self.columns, axis=1) #drop the specified columns
AttributeError: 'NoneType' object has no attribute 'drop'
