2024-05-26 17:23:46,084 : INFO : Start of training model...
2024-05-26 17:23:46,084 : INFO : Run_id: 2024-05-26_172346_57012918
2024-05-26 17:23:46,084 : INFO : Start of data load, validation, and transformation for trainset
2024-05-26 17:23:46,084 : INFO : Start of archiving old reject files...
2024-05-26 17:23:46,084 : INFO : End of archiving old reject files...
2024-05-26 17:23:46,085 : INFO : Start of archiving old validation files...
2024-05-26 17:23:46,086 : INFO : End of archiving old validation files...
2024-05-26 17:23:46,091 : INFO : Start of archiving old processed files...
2024-05-26 17:23:46,091 : INFO : End of archiving old processed files...
2024-05-26 17:23:46,092 : INFO : Start of archiving old result files...
2024-05-26 17:23:46,092 : INFO : End of archiving old result files...
2024-05-26 17:23:46,092 : INFO : Start of reading values from schema...
2024-05-26 17:23:46,092 : INFO : End of reading values from schema...
2024-05-26 17:23:46,092 : INFO : Start of validating column length...
2024-05-26 17:23:46,092 : INFO : End of validating column length...
2024-05-26 17:23:46,092 : INFO : Start of validating missing values...
2024-05-26 17:23:46,092 : INFO : End of validating missing values...
2024-05-26 17:23:46,092 : INFO : Start of replacing missing values with NULL...
2024-05-26 17:23:46,092 : INFO : End of replacing missing values with NULL...
2024-05-26 17:23:46,092 : INFO : Start of creating table...
2024-05-26 17:23:46,093 : INFO : Opened training database successfully
2024-05-26 17:23:46,093 : INFO : Tables created successfully
2024-05-26 17:23:46,093 : INFO : Closed training_raw_data_t database successfilly
2024-05-26 17:23:46,093 : INFO : End of creating table...
2024-05-26 17:23:46,093 : INFO : Opened training database successfully
2024-05-26 17:23:46,093 : INFO : Start of inserting data into table...
2024-05-26 17:23:46,093 : INFO : End of inserting data into table...
2024-05-26 17:23:46,093 : INFO : Start of exporting data into CSV...
2024-05-26 17:23:46,094 : INFO : Opened training database successfully
2024-05-26 17:23:46,137 : INFO : End of exporting data to CSV...
2024-05-26 17:23:46,139 : INFO : Start of moving processed files...
2024-05-26 17:23:46,139 : INFO : End of moving processed files...
2024-05-26 17:23:46,139 : INFO : End of data load, validation, and transformation
2024-05-26 17:23:46,139 : INFO : Start of preprocessing training data...
2024-05-26 17:23:46,139 : INFO : Start of reading dataset...
2024-05-26 17:23:46,155 : INFO : End of reading dataset....
2024-05-26 17:23:46,155 : INFO : Start of dropping columns...
2024-05-26 17:23:46,156 : INFO : End of dropping columns...
2024-05-26 17:23:46,156 : INFO : Start of feature encoding...
2024-05-26 17:23:46,158 : INFO : End of feature encoding...
2024-05-26 17:23:46,158 : INFO : Start of dropping columns...
2024-05-26 17:23:46,158 : INFO : End of dropping columns...
2024-05-26 17:23:46,158 : INFO : Start of finding missing values...
2024-05-26 17:23:46,162 : INFO : End of finding missing values...
2024-05-26 17:23:46,162 : INFO : Start of imputing missing values...
2024-05-26 17:23:46,173 : INFO : End of imputing missing values...
2024-05-26 17:23:46,173 : INFO : Start of splitting features and label
2024-05-26 17:23:46,173 : ERROR : Exception raised while splitting features and label: 'NoneType' object has no attribute 'drop'
Traceback (most recent call last):
  File "C:\Users\RETRETA\Documents\Python\ML Upskill\employee-churn-ML-e2e\apps\preprocess\preprocessor.py", line 108, in split_features_label
    self.X = self.data.drop(labels=label_name, axis=1)
AttributeError: 'NoneType' object has no attribute 'drop'
2024-05-26 17:23:46,173 : ERROR : Exception raised while preprocessing training data: 'NoneType' object has no attribute 'drop'
Traceback (most recent call last):
  File "C:\Users\RETRETA\Documents\Python\ML Upskill\employee-churn-ML-e2e\apps\preprocess\preprocessor.py", line 162, in preprocess_trainset
    self.X, self.y = self.split_features_label(data, label_name='left')
  File "C:\Users\RETRETA\Documents\Python\ML Upskill\employee-churn-ML-e2e\apps\preprocess\preprocessor.py", line 116, in split_features_label
    raise e
  File "C:\Users\RETRETA\Documents\Python\ML Upskill\employee-churn-ML-e2e\apps\preprocess\preprocessor.py", line 108, in split_features_label
    self.X = self.data.drop(labels=label_name, axis=1)
AttributeError: 'NoneType' object has no attribute 'drop'
2024-05-26 17:23:46,173 : ERROR : Training model unsuccessful: 'NoneType' object has no attribute 'drop'
Traceback (most recent call last):
  File "C:\Users\RETRETA\Documents\Python\ML Upskill\employee-churn-ML-e2e\apps\training\train_model.py", line 34, in train_model
    self.X, self.y = self.preProcess.preprocess_trainset()
  File "C:\Users\RETRETA\Documents\Python\ML Upskill\employee-churn-ML-e2e\apps\preprocess\preprocessor.py", line 168, in preprocess_trainset
    raise e
  File "C:\Users\RETRETA\Documents\Python\ML Upskill\employee-churn-ML-e2e\apps\preprocess\preprocessor.py", line 162, in preprocess_trainset
    self.X, self.y = self.split_features_label(data, label_name='left')
  File "C:\Users\RETRETA\Documents\Python\ML Upskill\employee-churn-ML-e2e\apps\preprocess\preprocessor.py", line 116, in split_features_label
    raise e
  File "C:\Users\RETRETA\Documents\Python\ML Upskill\employee-churn-ML-e2e\apps\preprocess\preprocessor.py", line 108, in split_features_label
    self.X = self.data.drop(labels=label_name, axis=1)
AttributeError: 'NoneType' object has no attribute 'drop'
