2024-05-26 17:30:17,152 : INFO : Start of training model...
2024-05-26 17:30:17,152 : INFO : Run_id: 2024-05-26_173017_70283892
2024-05-26 17:30:17,153 : INFO : Start of data load, validation, and transformation for trainset
2024-05-26 17:30:17,153 : INFO : Start of archiving old reject files...
2024-05-26 17:30:17,153 : INFO : End of archiving old reject files...
2024-05-26 17:30:17,153 : INFO : Start of archiving old validation files...
2024-05-26 17:30:17,154 : INFO : End of archiving old validation files...
2024-05-26 17:30:17,161 : INFO : Start of archiving old processed files...
2024-05-26 17:30:17,161 : INFO : End of archiving old processed files...
2024-05-26 17:30:17,161 : INFO : Start of archiving old result files...
2024-05-26 17:30:17,161 : INFO : End of archiving old result files...
2024-05-26 17:30:17,161 : INFO : Start of reading values from schema...
2024-05-26 17:30:17,161 : INFO : End of reading values from schema...
2024-05-26 17:30:17,161 : INFO : Start of validating column length...
2024-05-26 17:30:17,161 : INFO : End of validating column length...
2024-05-26 17:30:17,161 : INFO : Start of validating missing values...
2024-05-26 17:30:17,161 : INFO : End of validating missing values...
2024-05-26 17:30:17,161 : INFO : Start of replacing missing values with NULL...
2024-05-26 17:30:17,162 : INFO : End of replacing missing values with NULL...
2024-05-26 17:30:17,162 : INFO : Start of creating table...
2024-05-26 17:30:17,162 : INFO : Opened training database successfully
2024-05-26 17:30:17,163 : INFO : Tables created successfully
2024-05-26 17:30:17,163 : INFO : Closed training_raw_data_t database successfilly
2024-05-26 17:30:17,163 : INFO : End of creating table...
2024-05-26 17:30:17,163 : INFO : Opened training database successfully
2024-05-26 17:30:17,163 : INFO : Start of inserting data into table...
2024-05-26 17:30:17,163 : INFO : End of inserting data into table...
2024-05-26 17:30:17,163 : INFO : Start of exporting data into CSV...
2024-05-26 17:30:17,163 : INFO : Opened training database successfully
2024-05-26 17:30:17,209 : INFO : End of exporting data to CSV...
2024-05-26 17:30:17,210 : INFO : Start of moving processed files...
2024-05-26 17:30:17,210 : INFO : End of moving processed files...
2024-05-26 17:30:17,210 : INFO : End of data load, validation, and transformation
2024-05-26 17:30:17,210 : INFO : Start of preprocessing training data...
2024-05-26 17:30:17,210 : INFO : Start of reading dataset...
2024-05-26 17:30:17,226 : INFO : End of reading dataset....
2024-05-26 17:30:17,226 : INFO : Start of dropping columns...
2024-05-26 17:30:17,226 : INFO : End of dropping columns...
2024-05-26 17:30:17,226 : INFO : Start of feature encoding...
2024-05-26 17:30:17,228 : INFO : End of feature encoding...
2024-05-26 17:30:17,228 : INFO : Start of dropping columns...
2024-05-26 17:30:17,229 : INFO : End of dropping columns...
2024-05-26 17:30:17,229 : INFO : Start of finding missing values...
2024-05-26 17:30:17,233 : INFO : End of finding missing values...
2024-05-26 17:30:17,233 : INFO : Start of imputing missing values...
2024-05-26 17:30:17,244 : INFO : End of imputing missing values...
2024-05-26 17:30:17,244 : INFO : Start of splitting features and label
2024-05-26 17:30:17,246 : INFO : End of splitting features and label
2024-05-26 17:30:17,246 : INFO : End of preprocessing training data...
2024-05-26 17:30:17,246 : INFO : Start of elbow plotting...
2024-05-26 17:30:17,810 : INFO : Optimum number of clusters: 3
2024-05-26 17:30:17,810 : INFO : End of elbow plotting...
2024-05-26 17:30:17,810 : INFO : Start of creating clusters...
2024-05-26 17:30:17,818 : INFO : Start of Save Models
2024-05-26 17:30:17,818 : INFO : Start of Save Models
2024-05-26 17:30:17,819 : INFO : Model File: Kmeans saved
2024-05-26 17:30:17,819 : INFO : Model File: Kmeans saved
2024-05-26 17:30:17,820 : INFO : End of Save Models
2024-05-26 17:30:17,820 : INFO : End of Save Models
2024-05-26 17:30:17,820 : INFO : Successfully created 3 cluster
2024-05-26 17:30:17,820 : INFO : End of creating clusters...
2024-05-26 17:30:17,822 : ERROR : Training model unsuccessful: "['Labels, Cluster'] not found in axis"
Traceback (most recent call last):
  File "C:\Users\RETRETA\Documents\Python\ML Upskill\employee-churn-ML-e2e\apps\training\train_model.py", line 58, in train_model
    cluster_features = cluster_data.drop(['Labels, Cluster'], axis=1)
  File "C:\Users\RETRETA\anaconda3\envs\employee-churn-e2e-env\lib\site-packages\pandas\core\frame.py", line 5581, in drop
    return super().drop(
  File "C:\Users\RETRETA\anaconda3\envs\employee-churn-e2e-env\lib\site-packages\pandas\core\generic.py", line 4788, in drop
    obj = obj._drop_axis(labels, axis, level=level, errors=errors)
  File "C:\Users\RETRETA\anaconda3\envs\employee-churn-e2e-env\lib\site-packages\pandas\core\generic.py", line 4830, in _drop_axis
    new_axis = axis.drop(labels, errors=errors)
  File "C:\Users\RETRETA\anaconda3\envs\employee-churn-e2e-env\lib\site-packages\pandas\core\indexes\base.py", line 7070, in drop
    raise KeyError(f"{labels[mask].tolist()} not found in axis")
KeyError: "['Labels, Cluster'] not found in axis"
