2024-05-26 17:51:35,591 : INFO : Start of training model...
2024-05-26 17:51:35,591 : INFO : Run_id: 2024-05-26_175135_28751831
2024-05-26 17:51:35,591 : INFO : Start of data load, validation, and transformation for trainset
2024-05-26 17:51:35,591 : INFO : Start of archiving old reject files...
2024-05-26 17:51:35,591 : INFO : End of archiving old reject files...
2024-05-26 17:51:35,592 : INFO : Start of archiving old validation files...
2024-05-26 17:51:35,593 : INFO : End of archiving old validation files...
2024-05-26 17:51:35,598 : INFO : Start of archiving old processed files...
2024-05-26 17:51:35,598 : INFO : End of archiving old processed files...
2024-05-26 17:51:35,598 : INFO : Start of archiving old result files...
2024-05-26 17:51:35,598 : INFO : End of archiving old result files...
2024-05-26 17:51:35,598 : INFO : Start of reading values from schema...
2024-05-26 17:51:35,598 : INFO : End of reading values from schema...
2024-05-26 17:51:35,598 : INFO : Start of validating column length...
2024-05-26 17:51:35,598 : INFO : End of validating column length...
2024-05-26 17:51:35,598 : INFO : Start of validating missing values...
2024-05-26 17:51:35,599 : INFO : End of validating missing values...
2024-05-26 17:51:35,599 : INFO : Start of replacing missing values with NULL...
2024-05-26 17:51:35,599 : INFO : End of replacing missing values with NULL...
2024-05-26 17:51:35,599 : INFO : Start of creating table...
2024-05-26 17:51:35,599 : INFO : Opened training database successfully
2024-05-26 17:51:35,599 : INFO : Tables created successfully
2024-05-26 17:51:35,600 : INFO : Closed training_raw_data_t database successfilly
2024-05-26 17:51:35,600 : INFO : End of creating table...
2024-05-26 17:51:35,600 : INFO : Opened training database successfully
2024-05-26 17:51:35,600 : INFO : Start of inserting data into table...
2024-05-26 17:51:35,600 : INFO : End of inserting data into table...
2024-05-26 17:51:35,600 : INFO : Start of exporting data into CSV...
2024-05-26 17:51:35,600 : INFO : Opened training database successfully
2024-05-26 17:51:35,650 : INFO : End of exporting data to CSV...
2024-05-26 17:51:35,651 : INFO : Start of moving processed files...
2024-05-26 17:51:35,651 : INFO : End of moving processed files...
2024-05-26 17:51:35,651 : INFO : End of data load, validation, and transformation
2024-05-26 17:51:35,651 : INFO : Start of preprocessing training data...
2024-05-26 17:51:35,652 : INFO : Start of reading dataset...
2024-05-26 17:51:35,672 : INFO : End of reading dataset....
2024-05-26 17:51:35,672 : INFO : Start of dropping columns...
2024-05-26 17:51:35,673 : INFO : End of dropping columns...
2024-05-26 17:51:35,673 : INFO : Start of feature encoding...
2024-05-26 17:51:35,676 : INFO : End of feature encoding...
2024-05-26 17:51:35,676 : INFO : Start of dropping columns...
2024-05-26 17:51:35,676 : INFO : End of dropping columns...
2024-05-26 17:51:35,676 : INFO : Start of finding missing values...
2024-05-26 17:51:35,680 : INFO : End of finding missing values...
2024-05-26 17:51:35,680 : INFO : Start of imputing missing values...
2024-05-26 17:51:35,690 : INFO : End of imputing missing values...
2024-05-26 17:51:35,690 : INFO : Start of splitting features and label
2024-05-26 17:51:35,691 : INFO : End of splitting features and label
2024-05-26 17:51:35,691 : INFO : End of preprocessing training data...
2024-05-26 17:51:35,691 : INFO : Start of elbow plotting...
2024-05-26 17:51:36,098 : INFO : Optimum number of clusters: 3
2024-05-26 17:51:36,098 : INFO : End of elbow plotting...
2024-05-26 17:51:36,098 : INFO : Start of creating clusters...
2024-05-26 17:51:36,107 : INFO : Start of Save Models
2024-05-26 17:51:36,107 : INFO : Start of Save Models
2024-05-26 17:51:36,108 : INFO : Model File: KMeans saved
2024-05-26 17:51:36,108 : INFO : Model File: KMeans saved
2024-05-26 17:51:36,108 : INFO : End of Save Models
2024-05-26 17:51:36,108 : INFO : End of Save Models
2024-05-26 17:51:36,109 : INFO : Successfully created 3 cluster
2024-05-26 17:51:36,109 : INFO : End of creating clusters...
2024-05-26 17:51:36,112 : INFO : Start of finding best model
2024-05-26 17:51:36,112 : INFO : Start of finding best params for XGBoost...
2024-05-26 17:51:50,437 : INFO : XGBoost best params: {'learning_rate': 0.5, 'max_depth': 5, 'n_estimators': 200}
2024-05-26 17:51:50,437 : INFO : End of finding best params for XGBoost...
2024-05-26 17:51:50,442 : INFO : AUC for XGBoost: 0.9896320991157139
2024-05-26 17:51:50,442 : INFO : Start of finding the best params for Random Forest...
2024-05-26 17:52:06,106 : INFO : Random Forest Best Params: {'criterion': 'gini', 'max_depth': 3, 'max_features': 'sqrt', 'n_estimators': 10}
2024-05-26 17:52:06,106 : INFO : End of finding best params for Random Forest...
2024-05-26 17:52:06,109 : INFO : AUC for Random Forest: 0.9710951908072066
2024-05-26 17:52:06,109 : INFO : End of finding the best model...
2024-05-26 17:52:06,109 : INFO : Start of Save Models
2024-05-26 17:52:06,109 : INFO : Start of Save Models
2024-05-26 17:52:06,113 : INFO : Model File: XGBoost0 saved
2024-05-26 17:52:06,113 : INFO : Model File: XGBoost0 saved
2024-05-26 17:52:06,113 : INFO : End of Save Models
2024-05-26 17:52:06,113 : INFO : End of Save Models
2024-05-26 17:52:06,115 : INFO : Start of finding best model
2024-05-26 17:52:06,115 : INFO : Start of finding best params for XGBoost...
2024-05-26 17:52:20,142 : INFO : XGBoost best params: {'learning_rate': 0.5, 'max_depth': 10, 'n_estimators': 50}
2024-05-26 17:52:20,142 : INFO : End of finding best params for XGBoost...
2024-05-26 17:52:20,146 : INFO : AUC for XGBoost: 0.9926952272018302
2024-05-26 17:52:20,146 : INFO : Start of finding the best params for Random Forest...
2024-05-26 17:52:35,318 : INFO : Random Forest Best Params: {'criterion': 'entropy', 'max_depth': 3, 'max_features': 'sqrt', 'n_estimators': 50}
2024-05-26 17:52:35,318 : INFO : End of finding best params for Random Forest...
2024-05-26 17:52:35,323 : INFO : AUC for Random Forest: 0.9608939031576029
2024-05-26 17:52:35,323 : INFO : End of finding the best model...
2024-05-26 17:52:35,323 : INFO : Start of Save Models
2024-05-26 17:52:35,323 : INFO : Start of Save Models
2024-05-26 17:52:35,325 : INFO : Model File: XGBoost1 saved
2024-05-26 17:52:35,325 : INFO : Model File: XGBoost1 saved
2024-05-26 17:52:35,326 : INFO : End of Save Models
2024-05-26 17:52:35,326 : INFO : End of Save Models
2024-05-26 17:52:35,328 : INFO : Start of finding best model
2024-05-26 17:52:35,328 : INFO : Start of finding best params for XGBoost...
2024-05-26 17:52:49,060 : INFO : XGBoost best params: {'learning_rate': 0.5, 'max_depth': 10, 'n_estimators': 50}
2024-05-26 17:52:49,060 : INFO : End of finding best params for XGBoost...
2024-05-26 17:52:49,064 : INFO : AUC for XGBoost: 0.965684145998825
2024-05-26 17:52:49,064 : INFO : Start of finding the best params for Random Forest...
2024-05-26 17:53:03,733 : INFO : Random Forest Best Params: {'criterion': 'entropy', 'max_depth': 3, 'max_features': 'log2', 'n_estimators': 130}
2024-05-26 17:53:03,733 : INFO : End of finding best params for Random Forest...
2024-05-26 17:53:03,741 : INFO : AUC for Random Forest: 0.8067099180097572
2024-05-26 17:53:03,741 : INFO : End of finding the best model...
2024-05-26 17:53:03,741 : INFO : Start of Save Models
2024-05-26 17:53:03,741 : INFO : Start of Save Models
2024-05-26 17:53:03,743 : INFO : Model File: XGBoost2 saved
2024-05-26 17:53:03,743 : INFO : Model File: XGBoost2 saved
2024-05-26 17:53:03,743 : INFO : End of Save Models
2024-05-26 17:53:03,743 : INFO : End of Save Models
2024-05-26 17:53:03,743 : INFO : End of training model...
