2024-05-26 17:43:14,297 : INFO : Start of training model...
2024-05-26 17:43:14,297 : INFO : Run_id: 2024-05-26_174314_36108499
2024-05-26 17:43:14,297 : INFO : Start of data load, validation, and transformation for trainset
2024-05-26 17:43:14,297 : INFO : Start of archiving old reject files...
2024-05-26 17:43:14,297 : INFO : End of archiving old reject files...
2024-05-26 17:43:14,297 : INFO : Start of archiving old validation files...
2024-05-26 17:43:14,298 : INFO : End of archiving old validation files...
2024-05-26 17:43:14,304 : INFO : Start of archiving old processed files...
2024-05-26 17:43:14,304 : INFO : End of archiving old processed files...
2024-05-26 17:43:14,304 : INFO : Start of archiving old result files...
2024-05-26 17:43:14,304 : INFO : End of archiving old result files...
2024-05-26 17:43:14,304 : INFO : Start of reading values from schema...
2024-05-26 17:43:14,304 : INFO : End of reading values from schema...
2024-05-26 17:43:14,304 : INFO : Start of validating column length...
2024-05-26 17:43:14,304 : INFO : End of validating column length...
2024-05-26 17:43:14,304 : INFO : Start of validating missing values...
2024-05-26 17:43:14,304 : INFO : End of validating missing values...
2024-05-26 17:43:14,304 : INFO : Start of replacing missing values with NULL...
2024-05-26 17:43:14,304 : INFO : End of replacing missing values with NULL...
2024-05-26 17:43:14,304 : INFO : Start of creating table...
2024-05-26 17:43:14,304 : INFO : Opened training database successfully
2024-05-26 17:43:14,305 : INFO : Tables created successfully
2024-05-26 17:43:14,305 : INFO : Closed training_raw_data_t database successfilly
2024-05-26 17:43:14,305 : INFO : End of creating table...
2024-05-26 17:43:14,305 : INFO : Opened training database successfully
2024-05-26 17:43:14,305 : INFO : Start of inserting data into table...
2024-05-26 17:43:14,305 : INFO : End of inserting data into table...
2024-05-26 17:43:14,305 : INFO : Start of exporting data into CSV...
2024-05-26 17:43:14,305 : INFO : Opened training database successfully
2024-05-26 17:43:14,350 : INFO : End of exporting data to CSV...
2024-05-26 17:43:14,351 : INFO : Start of moving processed files...
2024-05-26 17:43:14,351 : INFO : End of moving processed files...
2024-05-26 17:43:14,351 : INFO : End of data load, validation, and transformation
2024-05-26 17:43:14,351 : INFO : Start of preprocessing training data...
2024-05-26 17:43:14,351 : INFO : Start of reading dataset...
2024-05-26 17:43:14,367 : INFO : End of reading dataset....
2024-05-26 17:43:14,367 : INFO : Start of dropping columns...
2024-05-26 17:43:14,368 : INFO : End of dropping columns...
2024-05-26 17:43:14,368 : INFO : Start of feature encoding...
2024-05-26 17:43:14,370 : INFO : End of feature encoding...
2024-05-26 17:43:14,371 : INFO : Start of dropping columns...
2024-05-26 17:43:14,371 : INFO : End of dropping columns...
2024-05-26 17:43:14,371 : INFO : Start of finding missing values...
2024-05-26 17:43:14,375 : INFO : End of finding missing values...
2024-05-26 17:43:14,375 : INFO : Start of imputing missing values...
2024-05-26 17:43:14,386 : INFO : End of imputing missing values...
2024-05-26 17:43:14,387 : INFO : Start of splitting features and label
2024-05-26 17:43:14,387 : INFO : End of splitting features and label
2024-05-26 17:43:14,387 : INFO : End of preprocessing training data...
2024-05-26 17:43:14,387 : INFO : Start of elbow plotting...
2024-05-26 17:43:14,850 : INFO : Optimum number of clusters: 3
2024-05-26 17:43:14,850 : INFO : End of elbow plotting...
2024-05-26 17:43:14,850 : INFO : Start of creating clusters...
2024-05-26 17:43:14,858 : INFO : Start of Save Models
2024-05-26 17:43:14,858 : INFO : Start of Save Models
2024-05-26 17:43:14,860 : INFO : Model File: KMeans saved
2024-05-26 17:43:14,860 : INFO : Model File: KMeans saved
2024-05-26 17:43:14,860 : INFO : End of Save Models
2024-05-26 17:43:14,860 : INFO : End of Save Models
2024-05-26 17:43:14,860 : INFO : Successfully created 3 cluster
2024-05-26 17:43:14,860 : INFO : End of creating clusters...
2024-05-26 17:43:14,864 : INFO : Start of finding best model
2024-05-26 17:43:14,864 : INFO : Start of finding best params for XGBoost...
2024-05-26 17:43:30,870 : INFO : XGBoost best params: {'learning_rate': 0.5, 'max_depth': 5, 'n_estimators': 200}
2024-05-26 17:43:30,870 : INFO : End of finding best params for XGBoost...
2024-05-26 17:43:30,870 : ERROR : Exception raised while finding the best model: 'NoneType' object has no attribute 'predict'
Traceback (most recent call last):
  File "C:\Users\RETRETA\Documents\Python\ML Upskill\employee-churn-ML-e2e\apps\tuning\model_tuner.py", line 103, in get_best_model
    self.prediction_xgboost = self.xgboost.predict(test_x)
AttributeError: 'NoneType' object has no attribute 'predict'
2024-05-26 17:43:30,871 : ERROR : Training model unsuccessful: 'NoneType' object has no attribute 'predict'
Traceback (most recent call last):
  File "C:\Users\RETRETA\Documents\Python\ML Upskill\employee-churn-ML-e2e\apps\training\train_model.py", line 63, in train_model
    best_model_name, best_model = self.modelTuner.get_best_model(x_train, y_train, x_test, y_test)
  File "C:\Users\RETRETA\Documents\Python\ML Upskill\employee-churn-ML-e2e\apps\tuning\model_tuner.py", line 132, in get_best_model
    raise e
  File "C:\Users\RETRETA\Documents\Python\ML Upskill\employee-churn-ML-e2e\apps\tuning\model_tuner.py", line 103, in get_best_model
    self.prediction_xgboost = self.xgboost.predict(test_x)
AttributeError: 'NoneType' object has no attribute 'predict'
