2024-05-27 02:12:50,824 : INFO : Start of training model...
2024-05-27 02:12:50,825 : INFO : Run_id: 2024-05-27_021250_37092960
2024-05-27 02:12:50,825 : INFO : Start of data load, validation, and transformation for trainset
2024-05-27 02:12:50,825 : INFO : Start of archiving old reject files...
2024-05-27 02:12:50,825 : INFO : End of archiving old reject files...
2024-05-27 02:12:50,825 : INFO : Start of archiving old validation files...
2024-05-27 02:12:50,826 : INFO : End of archiving old validation files...
2024-05-27 02:12:50,826 : INFO : Start of archiving old processed files...
2024-05-27 02:12:50,830 : INFO : End of archiving old processed files...
2024-05-27 02:12:50,830 : INFO : Start of archiving old result files...
2024-05-27 02:12:50,830 : INFO : End of archiving old result files...
2024-05-27 02:12:50,830 : INFO : Start of reading values from schema...
2024-05-27 02:12:50,830 : INFO : End of reading values from schema...
2024-05-27 02:12:50,830 : INFO : Start of validating column length...
2024-05-27 02:12:50,839 : INFO : End of validating column length...
2024-05-27 02:12:50,840 : INFO : Start of validating missing values...
2024-05-27 02:12:50,850 : INFO : End of validating missing values...
2024-05-27 02:12:50,850 : INFO : Start of replacing missing values with NULL...
2024-05-27 02:12:50,894 : INFO : hr_employee_churn_data.csv: File transformed successully.
2024-05-27 02:12:50,894 : INFO : End of replacing missing values with NULL...
2024-05-27 02:12:50,894 : INFO : Start of creating table...
2024-05-27 02:12:50,894 : INFO : Opened training database successfully
2024-05-27 02:12:50,894 : INFO : Tables created successfully
2024-05-27 02:12:50,894 : INFO : Closed training_raw_data_t database successfilly
2024-05-27 02:12:50,894 : INFO : End of creating table...
2024-05-27 02:12:50,895 : INFO : Opened training database successfully
2024-05-27 02:12:50,895 : INFO : Start of inserting data into table...
2024-05-27 02:13:27,410 : INFO : End of inserting data into table...
2024-05-27 02:13:27,410 : INFO : Start of exporting data into CSV...
2024-05-27 02:13:27,411 : INFO : Opened training database successfully
2024-05-27 02:13:27,459 : INFO : End of exporting data to CSV...
2024-05-27 02:13:27,460 : INFO : Start of moving processed files...
2024-05-27 02:13:27,463 : INFO : Moved the already processed file: hr_employee_churn_data.csv
2024-05-27 02:13:27,463 : INFO : End of moving processed files...
2024-05-27 02:13:27,463 : INFO : End of data load, validation, and transformation
2024-05-27 02:13:27,463 : INFO : Start of preprocessing training data...
2024-05-27 02:13:27,464 : INFO : Start of reading dataset...
2024-05-27 02:13:27,480 : INFO : End of reading dataset....
2024-05-27 02:13:27,480 : INFO : Start of dropping columns...
2024-05-27 02:13:27,480 : INFO : End of dropping columns...
2024-05-27 02:13:27,481 : INFO : Start of feature encoding...
2024-05-27 02:13:27,482 : INFO : End of feature encoding...
2024-05-27 02:13:27,483 : INFO : Start of dropping columns...
2024-05-27 02:13:27,483 : INFO : End of dropping columns...
2024-05-27 02:13:27,483 : INFO : Start of finding missing values...
2024-05-27 02:13:27,486 : INFO : End of finding missing values...
2024-05-27 02:13:27,486 : INFO : Start of imputing missing values...
2024-05-27 02:13:27,498 : INFO : End of imputing missing values...
2024-05-27 02:13:27,498 : INFO : Start of splitting features and label
2024-05-27 02:13:27,499 : INFO : End of splitting features and label
2024-05-27 02:13:27,499 : INFO : End of preprocessing training data...
2024-05-27 02:13:27,499 : INFO : Start of elbow plotting...
2024-05-27 02:13:27,971 : INFO : Optimum number of clusters: 3
2024-05-27 02:13:27,971 : INFO : End of elbow plotting...
2024-05-27 02:13:27,971 : INFO : Start of creating clusters...
2024-05-27 02:13:27,979 : INFO : Start of Save Models
2024-05-27 02:13:27,979 : INFO : Start of Save Models
2024-05-27 02:13:27,981 : INFO : Model File: KMeans saved
2024-05-27 02:13:27,981 : INFO : Model File: KMeans saved
2024-05-27 02:13:27,981 : INFO : End of Save Models
2024-05-27 02:13:27,981 : INFO : End of Save Models
2024-05-27 02:13:27,982 : INFO : Successfully created 3 cluster
2024-05-27 02:13:27,982 : INFO : End of creating clusters...
2024-05-27 02:13:27,985 : INFO : Start of finding best model
2024-05-27 02:13:27,985 : INFO : Start of finding best params for XGBoost...
2024-05-27 02:13:43,986 : INFO : XGBoost best params: {'learning_rate': 0.5, 'max_depth': 5, 'n_estimators': 200}
2024-05-27 02:13:43,986 : INFO : End of finding best params for XGBoost...
2024-05-27 02:13:43,991 : INFO : AUC for XGBoost: 0.9896320991157139
2024-05-27 02:13:43,991 : INFO : Start of finding the best params for Random Forest...
2024-05-27 02:14:00,777 : INFO : Random Forest Best Params: {'criterion': 'entropy', 'max_depth': 3, 'max_features': 'sqrt', 'n_estimators': 50}
2024-05-27 02:14:00,777 : INFO : End of finding best params for Random Forest...
2024-05-27 02:14:00,782 : INFO : AUC for Random Forest: 0.9710951908072066
2024-05-27 02:14:00,782 : INFO : End of finding the best model...
2024-05-27 02:14:00,782 : INFO : Start of Save Models
2024-05-27 02:14:00,782 : INFO : Start of Save Models
2024-05-27 02:14:00,786 : INFO : Model File: XGBoost0 saved
2024-05-27 02:14:00,786 : INFO : Model File: XGBoost0 saved
2024-05-27 02:14:00,786 : INFO : End of Save Models
2024-05-27 02:14:00,786 : INFO : End of Save Models
2024-05-27 02:14:00,789 : INFO : Start of finding best model
2024-05-27 02:14:00,789 : INFO : Start of finding best params for XGBoost...
2024-05-27 02:14:17,671 : INFO : XGBoost best params: {'learning_rate': 0.5, 'max_depth': 10, 'n_estimators': 50}
2024-05-27 02:14:17,671 : INFO : End of finding best params for XGBoost...
2024-05-27 02:14:17,675 : INFO : AUC for XGBoost: 0.9926952272018302
2024-05-27 02:14:17,675 : INFO : Start of finding the best params for Random Forest...
2024-05-27 02:14:34,068 : INFO : Random Forest Best Params: {'criterion': 'entropy', 'max_depth': 3, 'max_features': 'log2', 'n_estimators': 100}
2024-05-27 02:14:34,069 : INFO : End of finding best params for Random Forest...
2024-05-27 02:14:34,075 : INFO : AUC for Random Forest: 0.9663833142698692
2024-05-27 02:14:34,076 : INFO : End of finding the best model...
2024-05-27 02:14:34,076 : INFO : Start of Save Models
2024-05-27 02:14:34,076 : INFO : Start of Save Models
2024-05-27 02:14:34,078 : INFO : Model File: XGBoost1 saved
2024-05-27 02:14:34,078 : INFO : Model File: XGBoost1 saved
2024-05-27 02:14:34,079 : INFO : End of Save Models
2024-05-27 02:14:34,079 : INFO : End of Save Models
2024-05-27 02:14:34,082 : INFO : Start of finding best model
2024-05-27 02:14:34,082 : INFO : Start of finding best params for XGBoost...
2024-05-27 02:14:49,478 : INFO : XGBoost best params: {'learning_rate': 0.5, 'max_depth': 10, 'n_estimators': 50}
2024-05-27 02:14:49,479 : INFO : End of finding best params for XGBoost...
2024-05-27 02:14:49,483 : INFO : AUC for XGBoost: 0.965684145998825
2024-05-27 02:14:49,483 : INFO : Start of finding the best params for Random Forest...
2024-05-27 02:15:05,307 : INFO : Random Forest Best Params: {'criterion': 'entropy', 'max_depth': 3, 'max_features': 'sqrt', 'n_estimators': 130}
2024-05-27 02:15:05,307 : INFO : End of finding best params for Random Forest...
2024-05-27 02:15:05,316 : INFO : AUC for Random Forest: 0.7541186687440933
2024-05-27 02:15:05,316 : INFO : End of finding the best model...
2024-05-27 02:15:05,316 : INFO : Start of Save Models
2024-05-27 02:15:05,316 : INFO : Start of Save Models
2024-05-27 02:15:05,319 : INFO : Model File: XGBoost2 saved
2024-05-27 02:15:05,319 : INFO : Model File: XGBoost2 saved
2024-05-27 02:15:05,319 : INFO : End of Save Models
2024-05-27 02:15:05,319 : INFO : End of Save Models
2024-05-27 02:15:05,319 : INFO : End of training model...
