2024-05-27 02:11:26,322 : INFO : Start of training model...
2024-05-27 02:11:26,322 : INFO : Run_id: 2024-05-27_021126_74040772
2024-05-27 02:11:26,322 : INFO : Start of data load, validation, and transformation for trainset
2024-05-27 02:11:26,322 : INFO : Start of archiving old reject files...
2024-05-27 02:11:26,322 : INFO : End of archiving old reject files...
2024-05-27 02:11:26,322 : INFO : Start of archiving old validation files...
2024-05-27 02:11:26,324 : INFO : End of archiving old validation files...
2024-05-27 02:11:26,324 : INFO : Start of archiving old processed files...
2024-05-27 02:11:26,329 : INFO : End of archiving old processed files...
2024-05-27 02:11:26,331 : INFO : Start of archiving old result files...
2024-05-27 02:11:26,331 : INFO : End of archiving old result files...
2024-05-27 02:11:26,331 : INFO : Start of reading values from schema...
2024-05-27 02:11:26,331 : INFO : End of reading values from schema...
2024-05-27 02:11:26,331 : INFO : Start of validating column length...
2024-05-27 02:11:26,331 : INFO : End of validating column length...
2024-05-27 02:11:26,331 : INFO : Start of validating missing values...
2024-05-27 02:11:26,331 : INFO : End of validating missing values...
2024-05-27 02:11:26,331 : INFO : Start of replacing missing values with NULL...
2024-05-27 02:11:26,331 : INFO : End of replacing missing values with NULL...
2024-05-27 02:11:26,331 : INFO : Start of creating table...
2024-05-27 02:11:26,332 : INFO : Opened training database successfully
2024-05-27 02:11:26,335 : INFO : CREATE TABLE training_raw_data_t empid
2024-05-27 02:11:26,337 : INFO : ALTER TABLE training_raw_data_t ADD COLUMN
2024-05-27 02:11:26,341 : INFO : ALTER TABLE training_raw_data_t ADD COLUMN
2024-05-27 02:11:26,342 : INFO : ALTER TABLE training_raw_data_t ADD COLUMN
2024-05-27 02:11:26,345 : INFO : ALTER TABLE training_raw_data_t ADD COLUMN
2024-05-27 02:11:26,347 : INFO : ALTER TABLE training_raw_data_t ADD COLUMN
2024-05-27 02:11:26,349 : INFO : ALTER TABLE training_raw_data_t ADD COLUMN
2024-05-27 02:11:26,351 : INFO : ALTER TABLE training_raw_data_t ADD COLUMN
2024-05-27 02:11:26,354 : INFO : ALTER TABLE training_raw_data_t ADD COLUMN
2024-05-27 02:11:26,356 : INFO : ALTER TABLE training_raw_data_t ADD COLUMN
2024-05-27 02:11:26,356 : INFO : End of creating table...
2024-05-27 02:11:26,357 : INFO : Opened training database successfully
2024-05-27 02:11:26,357 : INFO : Start of inserting data into table...
2024-05-27 02:11:26,357 : INFO : End of inserting data into table...
2024-05-27 02:11:26,357 : INFO : Start of exporting data into CSV...
2024-05-27 02:11:26,357 : INFO : Opened training database successfully
2024-05-27 02:11:26,358 : INFO : End of exporting data to CSV...
2024-05-27 02:11:26,358 : INFO : Start of moving processed files...
2024-05-27 02:11:26,358 : INFO : End of moving processed files...
2024-05-27 02:11:26,358 : INFO : End of data load, validation, and transformation
2024-05-27 02:11:26,358 : INFO : Start of preprocessing training data...
2024-05-27 02:11:26,358 : INFO : Start of reading dataset...
2024-05-27 02:11:26,366 : INFO : End of reading dataset....
2024-05-27 02:11:26,367 : INFO : Start of dropping columns...
2024-05-27 02:11:26,367 : INFO : End of dropping columns...
2024-05-27 02:11:26,367 : INFO : Start of feature encoding...
2024-05-27 02:11:26,375 : INFO : End of feature encoding...
2024-05-27 02:11:26,375 : INFO : Start of dropping columns...
2024-05-27 02:11:26,376 : INFO : End of dropping columns...
2024-05-27 02:11:26,376 : INFO : Start of finding missing values...
2024-05-27 02:11:26,376 : INFO : End of finding missing values...
2024-05-27 02:11:26,376 : INFO : Start of splitting features and label
2024-05-27 02:11:26,377 : INFO : End of splitting features and label
2024-05-27 02:11:26,377 : INFO : End of preprocessing training data...
2024-05-27 02:11:26,377 : INFO : Start of elbow plotting...
2024-05-27 02:11:26,379 : ERROR : Exception raised while elbow plotting: Found array with 0 sample(s) (shape=(0, 7)) while a minimum of 1 is required by KMeans.
Traceback (most recent call last):
  File "C:\Users\RETRETA\Documents\Python\ML Upskill\employee-churn-ML-e2e\apps\tuning\cluster.py", line 29, in create_elbow_plot
    kmeans.fit(data)
  File "C:\Users\RETRETA\anaconda3\envs\employee-churn-e2e-env\lib\site-packages\sklearn\base.py", line 1474, in wrapper
    return fit_method(estimator, *args, **kwargs)
  File "C:\Users\RETRETA\anaconda3\envs\employee-churn-e2e-env\lib\site-packages\sklearn\cluster\_kmeans.py", line 1481, in fit
    X = self._validate_data(
  File "C:\Users\RETRETA\anaconda3\envs\employee-churn-e2e-env\lib\site-packages\sklearn\base.py", line 633, in _validate_data
    out = check_array(X, input_name="X", **check_params)
  File "C:\Users\RETRETA\anaconda3\envs\employee-churn-e2e-env\lib\site-packages\sklearn\utils\validation.py", line 1072, in check_array
    raise ValueError(
ValueError: Found array with 0 sample(s) (shape=(0, 7)) while a minimum of 1 is required by KMeans.
2024-05-27 02:11:26,381 : ERROR : Training model unsuccessful: Found array with 0 sample(s) (shape=(0, 7)) while a minimum of 1 is required by KMeans.
Traceback (most recent call last):
  File "C:\Users\RETRETA\Documents\Python\ML Upskill\employee-churn-ML-e2e\apps\training\train_model.py", line 42, in train_model
    number_of_clusters = self.cluster.create_elbow_plot(self.X)
  File "C:\Users\RETRETA\Documents\Python\ML Upskill\employee-churn-ML-e2e\apps\tuning\cluster.py", line 52, in create_elbow_plot
    raise e
  File "C:\Users\RETRETA\Documents\Python\ML Upskill\employee-churn-ML-e2e\apps\tuning\cluster.py", line 29, in create_elbow_plot
    kmeans.fit(data)
  File "C:\Users\RETRETA\anaconda3\envs\employee-churn-e2e-env\lib\site-packages\sklearn\base.py", line 1474, in wrapper
    return fit_method(estimator, *args, **kwargs)
  File "C:\Users\RETRETA\anaconda3\envs\employee-churn-e2e-env\lib\site-packages\sklearn\cluster\_kmeans.py", line 1481, in fit
    X = self._validate_data(
  File "C:\Users\RETRETA\anaconda3\envs\employee-churn-e2e-env\lib\site-packages\sklearn\base.py", line 633, in _validate_data
    out = check_array(X, input_name="X", **check_params)
  File "C:\Users\RETRETA\anaconda3\envs\employee-churn-e2e-env\lib\site-packages\sklearn\utils\validation.py", line 1072, in check_array
    raise ValueError(
ValueError: Found array with 0 sample(s) (shape=(0, 7)) while a minimum of 1 is required by KMeans.
